Nihensuu/build/outputs/logs/manifest-merger-debug-report.txt
-- Merging decision tree log ---
manifest
ADDED from PhysicsAndroid/Nihensuu/AndroidManifest.xml:2:1-28:12
	package
		ADDED from PhysicsAndroid/Nihensuu/AndroidManifest.xml:3:5-43
	android:versionName
		ADDED from PhysicsAndroid/Nihensuu/AndroidManifest.xml:5:5-30
		INJECTED from PhysicsAndroid/Nihensuu/AndroidManifest.xml
		INJECTED from PhysicsAndroid/Nihensuu/AndroidManifest.xml
	android:versionCode
		ADDED from PhysicsAndroid/Nihensuu/AndroidManifest.xml:4:5-28
		INJECTED from PhysicsAndroid/Nihensuu/AndroidManifest.xml
		INJECTED from PhysicsAndroid/Nihensuu/AndroidManifest.xml
	xmlns:android
		ADDED from PhysicsAndroid/Nihensuu/AndroidManifest.xml:2:11-69
uses-sdk
ADDED from PhysicsAndroid/Nihensuu/AndroidManifest.xml:7:5-9:41
	android:targetSdkVersion
		ADDED from PhysicsAndroid/Nihensuu/AndroidManifest.xml:9:9-38
	android:minSdkVersion
		ADDED from PhysicsAndroid/Nihensuu/AndroidManifest.xml:8:9-34
application
ADDED from PhysicsAndroid/Nihensuu/AndroidManifest.xml:11:5-26:19
	android:label
		ADDED from PhysicsAndroid/Nihensuu/AndroidManifest.xml:14:9-41
	android:allowBackup
		ADDED from PhysicsAndroid/Nihensuu/AndroidManifest.xml:12:9-35
	android:icon
		ADDED from PhysicsAndroid/Nihensuu/AndroidManifest.xml:13:9-45
activity#jp.ac.u_ryukyu.phys.nihensuu.NihensuuActivity
ADDED from PhysicsAndroid/Nihensuu/AndroidManifest.xml:16:9-25:20
	android:screenOrientation
		ADDED from PhysicsAndroid/Nihensuu/AndroidManifest.xml:18:46-83
	android:label
		ADDED from PhysicsAndroid/Nihensuu/AndroidManifest.xml:18:13-45
	android:name
		ADDED from PhysicsAndroid/Nihensuu/AndroidManifest.xml:17:13-45
intent-filter#android.intent.action.MAIN+android.intent.category.LAUNCHER
ADDED from PhysicsAndroid/Nihensuu/AndroidManifest.xml:20:13-24:29
action#android.intent.action.MAIN
ADDED from PhysicsAndroid/Nihensuu/AndroidManifest.xml:21:17-69
	android:name
		ADDED from PhysicsAndroid/Nihensuu/AndroidManifest.xml:21:25-66
category#android.intent.category.LAUNCHER
ADDED from PhysicsAndroid/Nihensuu/AndroidManifest.xml:23:17-77
	android:name
		ADDED from PhysicsAndroid/Nihensuu/AndroidManifest.xml:23:27-74